d:\projects\c++\test code\stack\stackusingarrays\debug\vc142.pdb
d:\projects\c++\test code\stack\stackusingarrays\debug\vc142.idb
d:\projects\c++\test code\stack\stackusingarrays\debug\stackusingarrays.nativecodeanalysis.sarif
d:\projects\c++\test code\stack\stackusingarrays\debug\stackusingarrays.nativecodeanalysis.xml
d:\projects\c++\test code\stack\stackusingarrays\debug\main.nativecodeanalysis.sarif
d:\projects\c++\test code\stack\stackusingarrays\debug\main.nativecodeanalysis.xml
d:\projects\c++\test code\stack\stackusingarrays\debug\main.obj
d:\projects\c++\test code\stack\stackusingarrays\debug\stackusingarrays.obj
d:\projects\c++\test code\stack\stackusingarrays\debug\stackusingarrays.ilk
d:\projects\c++\test code\stack\stackusingarrays\debug\stackusingarrays.exe
d:\projects\c++\test code\stack\stackusingarrays\debug\stackusingarrays.pdb
d:\projects\c++\test code\stack\stackusingarrays\debug\nativecodeanalysis.read.1.tlog
d:\projects\c++\test code\stack\stackusingarrays\debug\vc.nativecodeanalysis.all.xml
d:\projects\c++\test code\stack\stackusingarrays\debug\stackusingarrays.exe.lastcodeanalysissucceeded
d:\projects\c++\test code\stack\stackusingarrays\debug\stackusingarrays.tlog\cl.command.1.tlog
d:\projects\c++\test code\stack\stackusingarrays\debug\stackusingarrays.tlog\cl.read.1.tlog
d:\projects\c++\test code\stack\stackusingarrays\debug\stackusingarrays.tlog\cl.write.1.tlog
d:\projects\c++\test code\stack\stackusingarrays\debug\stackusingarrays.tlog\link.command.1.tlog
d:\projects\c++\test code\stack\stackusingarrays\debug\stackusingarrays.tlog\link.read.1.tlog
d:\projects\c++\test code\stack\stackusingarrays\debug\stackusingarrays.tlog\link.write.1.tlog
